                                           MMI       16:46 Wednesday, August 19, 2015    1

                        Obs       p_code       mmi_max    mmi_min

                         1     C-BAG-23-001      7.80       7.63 
                         2     C-BAG-23-002      7.76       7.59 
                         3     C-BAG-23-003      7.70       7.58 
                         4     C-BAG-23-004      7.41       7.36 
                         5     C-BAG-23-005      7.62       7.37 
                                           MMI       16:46 Wednesday, August 19, 2015    2

                                  The CONTENTS Procedure


                    Data Set Name            MMI                      
                    Member Type              DATA                     
                    Engine                   WPD                      
                    Created                  19AUG2015:20:46:43       
                    Last Modified            19AUG2015:20:46:43       
                    Observations                   3354               
                    Variables                3                        
                    Indexes                  0                        
                    Observation Length       28                       
                    Deleted Observations              0               
                    Data Set Type                                     
                    Label                                             
                    Compressed               CHAR                     
                    Point to Observations    YES                      
                    Sorted                   YES                      
                    Data Representation      Little endian, IEEE Unix 
                    Encoding                 latin1 ISO-8859-1 Western

                            Engine/Host Dependent Information

Data Set Page Size          4096                                                          
Number of Data Set Pages    30                                                            
Data Set Diagnostic Code    0009                                                          
File Name                   /u01/WORKSHOP/DQC_EXAMPLE/HDX_NEPAL_201505/DATA/SAS_DS/MMI.wpd
WPD Engine Version          3                                                             
Large Data Set Support      no                                                            
Inode Number                44302379                                                      
Access Permission           rw-rw-r--                                                     
Owner Name                  michiko                                                       
File Size (bytes)           122880                                                        

                               Variables in Creation Order

                   Number    Variable    Type             Len         Pos    
             ________________________________________________________________
                        1    p_code      Char              12              16
                        2    mmi_max     Num                8               0
                        3    mmi_min     Num                8               8

                                     Sort Information

                                 Sorted By       p_code  
                                 Validated       YES     
                                 Sort Options    NODUPKEY
