WPS Command Line Interface Version 3.1.1
Copyright World Programming Ltd 2002, 2014

Usage:
    wps [<program-file-name>] <options>
where:
    <options> can be a list of either:
        -<optionname> [<optionvalue>] 
        -config <config-file-name>
        -set <env-var-name> <env-var-value>
Any system option can be specified as optionname.
For the list of available options, and their syntax 
see the WPS Reference for Language Elements. 
WPS Command Line Interface Version 3.1.1
Copyright World Programming Ltd 2002, 2014

Usage:
    wps [<program-file-name>] <options>
where:
    <options> can be a list of either:
        -<optionname> [<optionvalue>] 
        -config <config-file-name>
        -set <env-var-name> <env-var-value>
Any system option can be specified as optionname.
For the list of available options, and their syntax 
see the WPS Reference for Language Elements. 
