1                                     The WPS System  10:08 Friday, December  4, 2015     

NOTE: (c) Copyright World Programming Limited 2002-2014.  All rights reserved.
NOTE: World Programming System 3.01 (03.01.01.00.000000)
      Licensed to Msight Analytics
NOTE: This session is executing on the LINUX platform and is running in 64 bit mode

1         libname sas "../DATA/SAS_DS";
NOTE: Library sas assigned as follows:
      Engine:        WPD
      Physical Name: /u01/STANDARD/WORKSHOP/DQC_EXAMPLE/HDX_NEPAL_201505/DATA/SAS_DS

2         options linesize = 90 pagesize = 60 error = 1 compress = yes;
3         %include "pop.fmt";
Start of %INCLUDE(level 1) /u01/STANDARD/WORKSHOP/DQC_EXAMPLE/HDX_NEPAL_201505/FREQS/pop.f
mt
4       +  proc format;
5       +     value $pop
6       +          " " = "Missing"
7       +        Other = "Populated";
NOTE: Format $pop output
8       +     value pop
9       +                . = "Missing"
10      +         low -< 0 = "Negative"
11      +                0 = "Zero"
12      +        0 <- high = "Positive";
NOTE: Format pop output
13      +     run;
NOTE: Procedure format step took :
      real time : 0.003
      cpu time  : 0.002


End of %INCLUDE(level 1) /u01/STANDARD/WORKSHOP/DQC_EXAMPLE/HDX_NEPAL_201505/FREQS/pop.fmt
14        
15        title "POP";
16        
17        ods html body = "03_freq_pop.xls";
NOTE: Writing HTML Body file
      '/u01/STANDARD/WORKSHOP/DQC_EXAMPLE/HDX_NEPAL_201505/FREQS/03_freq_pop.xls'
18        proc freq data = sas.pop;
19           tables
20              p_code
21              fid
22              the_geom
23              area
24              perimeter
25              dist_id
26              survey_nam
27              vdc_id
28              district
29              vdc_name
30              vdc_code
31              zone_name
32              region
33              hhs2011
34              pop_2011
35              male2011
36              female2011
37              popden_2011
2                                     The WPS System  10:08 Friday, December  4, 2015     

38              / missing nocum;
39           format p_code fid the_geom survey_nam vdc_name $pop.
40                  area perimeter vdc_code hhs2011 pop_2011 male2011 female2011 popden_20
40      ! 11 pop.;
41           run;
NOTE: 3985 observations were read from "SAS.pop"
NOTE: Procedure freq step took :
      real time : 0.090
      cpu time  : 0.090


42        
43        proc means data = sas.pop nmiss mean min p1 q1 median q3 p99 max maxdec = 2;
44           var area perimeter hhs2011 pop_2011 male2011 female2011 popden_2011;
45           run;
NOTE: 3985 observations were read from "SAS.pop"
NOTE: Procedure means step took :
      real time : 0.045
      cpu time  : 0.054


46        ods html close;

NOTE: Submitted statements took :
      real time : 0.165
      cpu time  : 0.172
