                                           POP        10:08 Friday, December  4, 2015    1

                                    The FREQ Procedure

                            p_code       Frequency     Percent
                            ----------------------------------
                            Populated        3985      100.00 

                            fid          Frequency     Percent
                            ----------------------------------
                            Populated        3985      100.00 

                            the_geom     Frequency     Percent
                            ----------------------------------
                            Populated        3985      100.00 

                            area        Frequency     Percent
                            ---------------------------------
                            Zero               1        0.03 
                            Positive        3984       99.97 

                            perimeter    Frequency     Percent
                            ----------------------------------
                            Zero                1        0.03 
                            Positive         3984       99.97 
                                           POP        10:08 Friday, December  4, 2015    2

                                    The FREQ Procedure

                             dist_id    Frequency     Percent
                             --------------------------------
                              1               50        1.25 
                              2               41        1.03 
                              3               49        1.23 
                              4               50        1.25 
                              5               66        1.66 
                              6               53        1.33 
                              7               36        0.90 
                              8               32        0.80 
                              9               34        0.85 
                             10               63        1.58 
                             11               34        0.85 
                             12               56        1.41 
                             13               76        1.91 
                             14               45        1.13 
                             15              116        2.91 
                             16              108        2.71 
                             17              102        2.56 
                             18               77        1.93 
                             19              100        2.51 
                             20               54        1.36 
                             21               55        1.38 
                             22               52        1.30 
                             23               79        1.98 
                             24               90        2.26 
                             25               42        1.05 
                             26               18        0.45 
                             27               59        1.48 
                             28               62        1.56 
                             29               18        0.45 
                             30               50        1.25 
                             31               44        1.10 
                             32               97        2.43 
                             33               99        2.48 
                             34               84        2.11 
                             35               39        0.98 
                             36               67        1.68 
                             37               61        1.53 
                             38               47        1.18 
                             39               62        1.56 
                             40               45        1.13 
                             41               13        0.33 
                             42               16        0.40 
                             43               41        1.03 
                             44               55        1.38 
                             45               60        1.51 
                             46               79        1.98 
                             47               66        1.66 
                             48               75        1.88 
                             49               72        1.81 
                             50               78        1.96 
                             51               42        1.05 
                             52               49        1.23 
                             53               51        1.28 
                             54               43        1.08 
                                           POP        10:08 Friday, December  4, 2015    3

                                    The FREQ Procedure

                             dist_id    Frequency     Percent
                             --------------------------------
                             55               47        1.18 
                             56               41        1.03 
                             57               47        1.18 
                             58               33        0.83 
                             59               51        1.28 
                             60               56        1.41 
                             61               30        0.75 
                             62               23        0.58 
                             63               30        0.75 
                             64               30        0.75 
                             65               24        0.60 
                             66               27        0.68 
                             67               28        0.70 
                             68               48        1.20 
                             69               76        1.91 
                             70               52        1.30 
                             71               44        1.10 
                             72               21        0.53 
                             73               21        0.53 
                             74               63        1.58 
                             75               41        1.03 

                           survey_nam    Frequency     Percent
                           -----------------------------------
                           Populated         3985      100.00 
                                           POP        10:08 Friday, December  4, 2015    4

                                    The FREQ Procedure

                             vdc_id    Frequency     Percent
                             -------------------------------
                              1              75        1.88 
                              2              75        1.88 
                              3              75        1.88 
                              4              75        1.88 
                              5              75        1.88 
                              6              75        1.88 
                              7              75        1.88 
                              8              75        1.88 
                              9              75        1.88 
                             10              75        1.88 
                             11              75        1.88 
                             12              75        1.88 
                             13              75        1.88 
                             14              74        1.86 
                             15              74        1.86 
                             16              74        1.86 
                             17              73        1.83 
                             18              73        1.83 
                             19              71        1.78 
                             20              71        1.78 
                             21              71        1.78 
                             22              69        1.73 
                             23              69        1.73 
                             24              68        1.71 
                             25              67        1.68 
                             26              67        1.68 
                             27              67        1.68 
                             28              66        1.66 
                             29              65        1.63 
                             30              65        1.63 
                             31              62        1.56 
                             32              62        1.56 
                             33              61        1.53 
                             34              60        1.51 
                             35              58        1.46 
                             36              58        1.46 
                             37              57        1.43 
                             38              57        1.43 
                             39              57        1.43 
                             40              56        1.41 
                             41              56        1.41 
                             42              52        1.30 
                             43              50        1.25 
                             44              49        1.23 
                             45              47        1.18 
                             46              45        1.13 
                             47              45        1.13 
                             48              42        1.05 
                             49              41        1.03 
                             50              39        0.98 
                             51              36        0.90 
                             52              34        0.85 
                             53              32        0.80 
                             54              31        0.78 
                                           POP        10:08 Friday, December  4, 2015    5

                                    The FREQ Procedure

                             vdc_id    Frequency     Percent
                             -------------------------------
                              55             30        0.75 
                              56             28        0.70 
                              57             26        0.65 
                              58             26        0.65 
                              59             26        0.65 
                              60             25        0.63 
                              61             24        0.60 
                              62             23        0.58 
                              63             21        0.53 
                              64             19        0.48 
                              65             19        0.48 
                              66             19        0.48 
                              67             17        0.43 
                              68             16        0.40 
                              69             16        0.40 
                              70             16        0.40 
                              71             16        0.40 
                              72             16        0.40 
                              73             15        0.38 
                              74             15        0.38 
                              75             15        0.38 
                              76             14        0.35 
                              77             12        0.30 
                              78             11        0.28 
                              79             10        0.25 
                              80              8        0.20 
                              81              8        0.20 
                              82              8        0.20 
                              83              8        0.20 
                              84              8        0.20 
                              85              7        0.18 
                              86              7        0.18 
                              87              7        0.18 
                              88              7        0.18 
                              89              7        0.18 
                              90              7        0.18 
                              91              6        0.15 
                              92              6        0.15 
                              93              6        0.15 
                              94              6        0.15 
                              95              6        0.15 
                              96              6        0.15 
                              97              6        0.15 
                              98              5        0.13 
                              99              5        0.13 
                             100              4        0.10 
                             101              3        0.08 
                             102              3        0.08 
                             103              2        0.05 
                             104              2        0.05 
                             105              2        0.05 
                             106              2        0.05 
                             107              2        0.05 
                             108              2        0.05 
                                           POP        10:08 Friday, December  4, 2015    6

                                    The FREQ Procedure

                             vdc_id    Frequency     Percent
                             -------------------------------
                             109              1        0.03 
                             110              1        0.03 
                             111              1        0.03 
                             112              1        0.03 
                             113              1        0.03 
                             114              1        0.03 
                             115              1        0.03 
                             116              1        0.03 
                                           POP        10:08 Friday, December  4, 2015    7

                                    The FREQ Procedure

                         district          Frequency     Percent
                         ---------------------------------------
                         Achham                  76        1.91 
                         Arghakhanchi            42        1.05 
                         Baglung                 60        1.51 
                         Baitadi                 63        1.58 
                         Bajhang                 48        1.20 
                         Bajura                  28        0.70 
                         Banke                   47        1.18 
                         Bara                    99        2.48 
                         Bardiya                 33        0.83 
                         Bhaktapur               18        0.45 
                         Bhojpur                 63        1.58 
                         Chitawan                39        0.98 
                         Dadeldhura              21        0.53 
                         Dailekh                 56        1.41 
                         Dang                    41        1.03 
                         Darchula                41        1.03 
                         Dhading                 50        1.25 
                         Dhankuta                36        0.90 
                         Dhanusa                102        2.56 
                         Dolakha                 52        1.30 
                         Dolpa                   23        0.58 
                         Doti                    52        1.30 
                         Gorkha                  67        1.68 
                         Gulmi                   79        1.98 
                         Humla                   27        0.68 
                         Ilam                    49        1.23 
                         Jajarkot                30        0.75 
                         Jhapa                   50        1.25 
                         Jumla                   30        0.75 
                         Kailali                 44        1.10 
                         Kalikot                 30        0.75 
                         Kanchanpur              21        0.53 
                         Kapilbastu              78        1.96 
                         Kaski                   45        1.13 
                         Kathmandu               59        1.48 
                         Kavrepalanchok          90        2.26 
                         Khotang                 76        1.91 
                         Lalitpur                42        1.05 
                         Lamjung                 61        1.53 
                         Mahottari               77        1.93 
                         Makwanpur               44        1.10 
                         Manang                  13        0.33 
                         Morang                  66        1.66 
                         Mugu                    24        0.60 
                         Mustang                 16        0.40 
                         Myagdi                  41        1.03 
                         Nawalparasi             75        1.88 
                         Nuwakot                 62        1.56 
                         Okhaldhunga             56        1.41 
                         Palpa                   66        1.66 
                         Panchthar               41        1.03 
                         Parbat                  55        1.38 
                         Parsa                   84        2.11 
                         Pyuthan                 49        1.23 
                                           POP        10:08 Friday, December  4, 2015    8

                                    The FREQ Procedure

                          district         Frequency     Percent
                          --------------------------------------
                          Ramechhap              55        1.38 
                          Rasuwa                 18        0.45 
                          Rautahat               97        2.43 
                          Rolpa                  51        1.28 
                          Rukum                  43        1.08 
                          Rupandehi              72        1.81 
                          Salyan                 47        1.18 
                          Sankhuwasabha          34        0.85 
                          Saptari               116        2.91 
                          Sarlahi               100        2.51 
                          Sindhuli               54        1.36 
                          Sindhupalchok          79        1.98 
                          Siraha                108        2.71 
                          Solukhumbu             34        0.85 
                          Sunsari                53        1.33 
                          Surkhet                51        1.28 
                          Syangja                62        1.56 
                          Tanahu                 47        1.18 
                          Taplejung              50        1.25 
                          Terhathum              32        0.80 
                          Udayapur               45        1.13 

                            vdc_name     Frequency     Percent
                            ----------------------------------
                            Populated        3985      100.00 

                            vdc_code    Frequency     Percent
                            ---------------------------------
                            Positive        3985      100.00 

                           zone_name     Frequency     Percent
                           -----------------------------------
                           Bagmati            418       10.49 
                           Bheri              217        5.45 
                           Dhaulagiri         172        4.32 
                           Gandaki            295        7.40 
                           Janakpur           440       11.04 
                           Karnali            134        3.36 
                           Koshi              284        7.13 
                           Lumbini            412       10.34 
                           Mahakali           146        3.66 
                           Mechi              190        4.77 
                           Narayani           363        9.11 
                           Rapti              231        5.80 
                           Sagarmatha         435       10.92 
                           Seti               248        6.22 

                           region         Frequency     Percent
                           ------------------------------------
                           Central            1221       30.64 
                           Eastern             909       22.81 
                           Far-Western         394        9.89 
                           Mid-Western         582       14.60 
                           Western             879       22.06 
                                           POP        10:08 Friday, December  4, 2015    9

                                    The FREQ Procedure

                            hhs2011     Frequency     Percent
                            ---------------------------------
                            Zero              12        0.30 
                            Positive        3973       99.70 

                            pop_2011    Frequency     Percent
                            ---------------------------------
                            Zero              12        0.30 
                            Positive        3973       99.70 

                            male2011    Frequency     Percent
                            ---------------------------------
                            Zero              12        0.30 
                            Positive        3973       99.70 

                           female2011    Frequency     Percent
                           -----------------------------------
                           Zero                12        0.30 
                           Positive          3973       99.70 

                           popden_2011    Frequency     Percent
                           ------------------------------------
                           Zero                 12        0.30 
                           Positive           3973       99.70 
                                           POP        10:08 Friday, December  4, 2015   10

                                   The MEANS Procedure

   Variable       nmiss            Mean         Minimum              p1              q1
   ------------------------------------------------------------------------------------
   area               0     36930614.49            0.00      2332931.39     10250777.42
   perimeter          0        27896.98            0.00         7178.51        16768.23
   hhs2011            0         1360.93            0.00          158.00          602.00
   pop_2011           0         6588.16            0.00          579.00         2979.00
   male2011           0         3173.60            0.00          276.00         1374.00
   female2011         0         3414.56            0.00          302.00         1588.00
   popden_2011        0          443.71            0.00            2.27          126.79
   ------------------------------------------------------------------------------------

   Variable             Median              q3             p99         Maximum
   ---------------------------------------------------------------------------
   area            18929876.53     34493863.71    366348026.40    1466931165.0
   perimeter          23315.11        32019.78       113566.39       328484.51
   hhs2011              853.00         1247.00         8180.00       254292.00
   pop_2011            4409.00         6668.00        36019.00       975453.00
   male2011            2093.00         3239.00        17552.00       511841.00
   female2011          2324.00         3398.00        18570.00       463612.00
   popden_2011          225.62          540.02         3141.65        23053.42
   ---------------------------------------------------------------------------
