                                        NORMALIZED     10:54 Friday, January  8, 2016    1

                                    The FREQ Procedure

                            p_code       Frequency     Percent
                            ----------------------------------
                            Populated        1000      100.00 

                            vdc_name     Frequency     Percent
                            ----------------------------------
                            Populated        1000      100.00 

                         district          Frequency     Percent
                         ---------------------------------------
                         Bara                     1        0.10 
                         Bhaktapur               18        1.80 
                         Dhading                 50        5.00 
                         Dhanusa                102       10.20 
                         Dolakha                 52        5.20 
                         Kathmandu               59        5.90 
                         Kavrepalanchok          90        9.00 
                         Lalitpur                42        4.20 
                         Mahottari               77        7.70 
                         Makwanpur               44        4.40 
                         Nuwakot                 62        6.20 
                         Ramechhap               55        5.50 
                         Rasuwa                  18        1.80 
                         Rautahat                97        9.70 
                         Sarlahi                100       10.00 
                         Sindhuli                54        5.40 
                         Sindhupalchok           79        7.90 

                             region     Frequency     Percent
                             --------------------------------
                             Central        1000      100.00 

                            mmi_max     Frequency     Percent
                            ---------------------------------
                            Positive        1000      100.00 

                            mmi_unlog    Frequency     Percent
                            ----------------------------------
                            Positive         1000      100.00 

                          mmi_max_norm    Frequency     Percent
                          -------------------------------------
                          Positive            1000      100.00 

                            pop_2011    Frequency     Percent
                            ---------------------------------
                            Positive        1000      100.00 

                          pop_2011_norm    Frequency     Percent
                          --------------------------------------
                          Zero                    4        0.40 
                          Positive              996       99.60 

                           popden_2011    Frequency     Percent
                           ------------------------------------
                           Positive           1000      100.00 
                                        NORMALIZED     10:54 Friday, January  8, 2016    2

                                    The FREQ Procedure

                        popden_2011_norm    Frequency     Percent
                        -----------------------------------------
                        Zero                       1        0.10 
                        Positive                 999       99.90 

                   hse_wall_percent_high_risk    Frequency     Percent
                   ---------------------------------------------------
                   26.06                              100       10.00 
                   27.43                               77        7.70 
                   29.65                               97        9.70 
                   35.99                              102       10.20 
                   39.84                                1        0.10 
                   60.15                               54        5.40 
                   74.71                               44        4.40 
                   95.16                               42        4.20 
                   95.93                               59        5.90 
                   96.66                               18        1.80 
                   96.87                               50        5.00 
                   96.99                               18        1.80 
                   97.23                               52        5.20 
                   97.66                               90        9.00 
                   97.78                               55        5.50 
                   97.84                               79        7.90 
                   98.37                               62        6.20 

                 hse_wall_percent_high_risk_norm    Frequency     Percent
                 --------------------------------------------------------
                    0                                    100       10.00 
                 0.19                                     77        7.70 
                 0.49                                     97        9.70 
                 1.35                                    102       10.20 
                 1.87                                      1        0.10 
                 4.63                                     54        5.40 
                 6.62                                     44        4.40 
                  9.4                                     42        4.20 
                  9.5                                     59        5.90 
                  9.6                                     18        1.80 
                 9.63                                     50        5.00 
                 9.64                                     18        1.80 
                 9.68                                     52        5.20 
                 9.74                                     90        9.00 
                 9.75                                     55        5.50 
                 9.76                                     79        7.90 
                 9.83                                     62        6.20 
                                        NORMALIZED     10:54 Friday, January  8, 2016    3

                                    The FREQ Procedure

                   hse_roof_percent_high_risk    Frequency     Percent
                   ---------------------------------------------------
                   13.59                               18        1.80 
                   20.09                               62        6.20 
                   31.37                               90        9.00 
                   33.16                               44        4.40 
                   38.69                               79        7.90 
                   39.29                               50        5.00 
                   44.66                               55        5.50 
                   52.46                               52        5.20 
                   55.91                               54        5.40 
                   66.03                               18        1.80 
                   71.81                               42        4.20 
                   77.25                                1        0.10 
                   79.46                              102       10.20 
                   79.58                               59        5.90 
                   79.99                               97        9.70 
                   81.38                              100       10.00 
                   81.89                               77        7.70 

                 hse_roof_percent_high_risk_norm    Frequency     Percent
                 --------------------------------------------------------
                 1.31                                     18        1.80 
                 1.99                                     62        6.20 
                 3.18                                     90        9.00 
                 3.36                                     44        4.40 
                 3.94                                     79        7.90 
                 4.01                                     50        5.00 
                 4.57                                     55        5.50 
                 5.39                                     52        5.20 
                 5.75                                     54        5.40 
                 6.81                                     18        1.80 
                 7.41                                     42        4.20 
                 7.98                                      1        0.10 
                 8.22                                    102       10.20 
                 8.23                                     59        5.90 
                 8.27                                     97        9.70 
                 8.42                                    100       10.00 
                 8.47                                     77        7.70 
                                        NORMALIZED     10:54 Friday, January  8, 2016    4

                                    The FREQ Procedure

                       human_poverty_index    Frequency     Percent
                       --------------------------------------------
                       19.18                        42        4.20 
                       19.43                        18        1.80 
                       22.45                        59        5.90 
                       27.34                        90        9.00 
                       28.44                        44        4.40 
                       33.38                        50        5.00 
                       35.66                        62        6.20 
                        35.7                        52        5.20 
                       36.35                        55        5.50 
                       37.95                        54        5.40 
                       38.03                        79        7.90 
                       40.09                         1        0.10 
                       41.72                       102       10.20 
                       42.24                        18        1.80 
                       43.86                       100       10.00 
                       44.75                        77        7.70 
                       46.43                        97        9.70 

                    human_poverty_index_norm    Frequency     Percent
                    -------------------------------------------------
                    0.82                              42        4.20 
                    0.89                              18        1.80 
                    1.82                              59        5.90 
                    3.31                              90        9.00 
                    3.64                              44        4.40 
                    5.15                              50        5.00 
                    5.85                              62        6.20 
                    5.86                              52        5.20 
                    6.06                              55        5.50 
                    6.55                              54        5.40 
                    6.57                              79        7.90 
                     7.2                               1        0.10 
                     7.7                             102       10.20 
                    7.86                              18        1.80 
                    8.35                             100       10.00 
                    8.62                              77        7.70 
                    9.14                              97        9.70 
